<?xml version="1.0" encoding="utf-8" standalone="no"?>
<!--This file represents the results of running a test suite-->
<test-results name="D:\Projects\Selenium.NET\UsingSeleniumNUnit\UsingSeleniumNUnit\bin\Debug\UsingSeleniumNUnit.dll" total="1" errors="0" failures="0" not-run="0" inconclusive="0" ignored="0" skipped="0" invalid="0" date="2015-07-01" time="20:35:29">
  <environment nunit-version="2.6.4.14350" clr-version="2.0.50727.5485" os-version="Microsoft Windows NT 6.1.7601 Service Pack 1" platform="Win32NT" cwd="C:\Program Files (x86)\NUnit 2.6.4\bin" machine-name="PC-MARYLEV" user="maria.levchuk" user-domain="CO" />
  <culture-info current-culture="uk-UA" current-uiculture="en-US" />
  <test-suite type="Assembly" name="D:\Projects\Selenium.NET\UsingSeleniumNUnit\UsingSeleniumNUnit\bin\Debug\UsingSeleniumNUnit.dll" executed="True" result="Success" success="True" time="16.135" asserts="0">
    <results>
      <test-suite type="Namespace" name="SeleniumTests" executed="True" result="Success" success="True" time="16.120" asserts="0">
        <results>
          <test-suite type="TestFixture" name="HRGSingleTripBooking" executed="True" result="Success" success="True" time="16.118" asserts="0">
            <results>
              <test-case name="SeleniumTests.HRGSingleTripBooking.TheHRGSingleTripBookingTest" executed="True" result="Success" success="True" time="16.107" asserts="1" />
            </results>
          </test-suite>
        </results>
      </test-suite>
    </results>
  </test-suite>
</test-results>