<?xml version="1.0" encoding="utf-8" standalone="no"?>
<!--This file represents the results of running a test suite-->
<test-results name="D:\Projects\Selenium.NET\UsingSeleniumNUnit\UsingSeleniumNUnit\bin\Debug\UsingSeleniumNUnit.dll" total="1" errors="1" failures="0" not-run="0" inconclusive="0" ignored="0" skipped="0" invalid="0" date="2015-07-02" time="13:19:35">
  <environment nunit-version="2.6.4.14350" clr-version="2.0.50727.5485" os-version="Microsoft Windows NT 6.1.7601 Service Pack 1" platform="Win32NT" cwd="C:\Program Files (x86)\NUnit 2.6.4\bin" machine-name="PC-MARYLEV" user="maria.levchuk" user-domain="CO" />
  <culture-info current-culture="uk-UA" current-uiculture="en-US" />
  <test-suite type="Assembly" name="D:\Projects\Selenium.NET\UsingSeleniumNUnit\UsingSeleniumNUnit\bin\Debug\UsingSeleniumNUnit.dll" executed="True" result="Failure" success="False" time="11.113" asserts="0">
    <results>
      <test-suite type="Namespace" name="SeleniumTests" executed="True" result="Failure" success="False" time="11.097" asserts="0">
        <results>
          <test-suite type="TestFixture" name="HRGSingleTripBooking" executed="True" result="Failure" success="False" time="11.095" asserts="0">
            <results>
              <test-case name="SeleniumTests.HRGSingleTripBooking.TheHRGSingleTripBookingTest" executed="True" result="Error" success="False" time="11.082" asserts="1">
                <failure>
                  <message><![CDATA[OpenQA.Selenium.ElementNotVisibleException : Element is not currently visible and so may not be interacted with]]></message>
                  <stack-trace><![CDATA[at OpenQA.Selenium.Remote.RemoteWebDriver.UnpackAndThrowOnError(Response errorResponse) in c:\Projects\webdriver\dotnet\src\webdriver\Remote\RemoteWebDriver.cs:line 1123
at OpenQA.Selenium.Remote.RemoteWebDriver.Execute(String driverCommandToExecute, Dictionary`2 parameters) in c:\Projects\webdriver\dotnet\src\webdriver\Remote\RemoteWebDriver.cs:line 923
at SeleniumTests.HRGSingleTripBooking.SetPassengers(String type, Int16 amount) in d:\Projects\Selenium.NET\UsingSeleniumNUnit\UsingSeleniumNUnit\HRG_single_trip_booking.cs:line 110
at SeleniumTests.HRGSingleTripBooking.TheHRGSingleTripBookingTest() in d:\Projects\Selenium.NET\UsingSeleniumNUnit\UsingSeleniumNUnit\HRG_single_trip_booking.cs:line 55
]]></stack-trace>
                </failure>
              </test-case>
            </results>
          </test-suite>
        </results>
      </test-suite>
    </results>
  </test-suite>
</test-results>