<?xml version="1.0" encoding="utf-8" standalone="no"?>
<!--This file represents the results of running a test suite-->
<test-results name="D:\Projects\Selenium.NET\NewProject\NewProject\bin\Debug\NewProject.dll" total="0" errors="0" failures="0" not-run="0" inconclusive="0" ignored="0" skipped="0" invalid="0" date="2015-06-30" time="16:40:25">
  <environment nunit-version="2.6.4.14350" clr-version="2.0.50727.5485" os-version="Microsoft Windows NT 6.1.7601 Service Pack 1" platform="Win32NT" cwd="C:\Program Files (x86)\NUnit 2.6.4\bin" machine-name="PC-MARYLEV" user="maria.levchuk" user-domain="CO" />
  <culture-info current-culture="uk-UA" current-uiculture="en-US" />
  <test-suite type="Assembly" name="D:\Projects\Selenium.NET\NewProject\NewProject\bin\Debug\NewProject.dll" executed="True" result="Inconclusive" success="False" time="0.000" asserts="0" />
</test-results>